
> @storyline/shared-types@1.0.0 build
> tsc

src/export.ts(23,13): error TS2300: Duplicate identifier 'ExportTemplate'.
src/export.ts(124,18): error TS2300: Duplicate identifier 'ExportTemplate'.
npm error Lifecycle script `build` failed with error:
npm error code 2
npm error path /Users/jamesfarmer/Application Prototype/Storyline/packages/shared-types
npm error workspace @storyline/shared-types@1.0.0
npm error location /Users/jamesfarmer/Application Prototype/Storyline/packages/shared-types
npm error command failed
npm error command sh -c tsc
